Circuit: *** SPICE deck for cell Gate4S2_sim{sch} from library SCL

Vg: both pins shorted together -- ignoring.
Warning: toxe, toxp and dtox all given and toxe != toxp + dtox; dtox ignored.
Direct Newton iteration for .op point succeeded.

tpdr=8.42261e-010 FROM 5.7e-009 TO 6.54226e-009
tpdf=1.07572e-009 FROM 3e-010 TO 1.37572e-009


Date: Tue Apr 12 14:52:44 2022
Total elapsed time: 0.171 seconds.

tnom = 27
temp = 27
method = modified trap
totiter = 3349
traniter = 3337
tranpoints = 1409
accept = 1272
rejected = 137
matrix size = 55
fillins = 0
solver = Normal
Matrix Compiler1: 6.24 KB object code size  3.3/0.8/[0.5]
Matrix Compiler2: 6.52 KB object code size  0.8/0.9/[0.5]

