Circuit: *** SPICE deck for cell Gate4S1_sim{sch} from library SCL

Vg: both pins shorted together -- ignoring.
Warning: toxe, toxp and dtox all given and toxe != toxp + dtox; dtox ignored.
Direct Newton iteration for .op point succeeded.

tpdr=1.06781e-009 FROM 5.7e-009 TO 6.76781e-009
tpdf=1.23838e-009 FROM 3e-010 TO 1.53838e-009


Date: Tue Apr 12 14:52:39 2022
Total elapsed time: 0.162 seconds.

tnom = 27
temp = 27
method = modified trap
totiter = 3021
traniter = 3009
tranpoints = 1304
accept = 1215
rejected = 89
matrix size = 55
fillins = 0
solver = Normal
Matrix Compiler1: 6.24 KB object code size  4.1/0.8/[0.5]
Matrix Compiler2: 6.52 KB object code size  0.9/0.9/[0.5]

