Circuit: *** SPICE deck for cell Gate3S2_sim{sch} from library SCL

Vg: both pins shorted together -- ignoring.
Warning: toxe, toxp and dtox all given and toxe != toxp + dtox; dtox ignored.
Direct Newton iteration for .op point succeeded.

tpdr=9.83431e-010 FROM 5.7e-009 TO 6.68343e-009
tpdf=2.15528e-009 FROM 3e-010 TO 2.45528e-009


Date: Tue Apr 12 14:52:34 2022
Total elapsed time: 0.141 seconds.

tnom = 27
temp = 27
method = modified trap
totiter = 3292
traniter = 3277
tranpoints = 1433
accept = 1299
rejected = 134
matrix size = 44
fillins = 0
solver = Normal
Matrix Compiler1: 4.63 KB object code size  1.3/0.6/[0.4]
Matrix Compiler2: 5.03 KB object code size  0.5/0.7/[0.5]

