Circuit: *** SPICE deck for cell Gate2S2_sim{sch} from library SCL

Vg: both pins shorted together -- ignoring.
Warning: toxe, toxp and dtox all given and toxe != toxp + dtox; dtox ignored.
Direct Newton iteration for .op point succeeded.

tpdr=4.56404e-010 FROM 5.7e-009 TO 6.1564e-009
tpdf=3.57269e-010 FROM 3e-010 TO 6.57269e-010


Date: Tue Apr 12 21:54:14 2022
Total elapsed time: 0.243 seconds.

tnom = 27
temp = 27
method = modified trap
totiter = 3289
traniter = 3277
tranpoints = 1394
accept = 1269
rejected = 125
matrix size = 44
fillins = 0
solver = Normal
Matrix Compiler1: 4.74 KB object code size  1.6/0.6/[0.4]
Matrix Compiler2: 5.12 KB object code size  0.6/0.8/[0.4]

