Circuit: *** SPICE deck for cell Gate1S1_sim{sch} from library SCL

Vg: both pins shorted together -- ignoring.
Warning: toxe, toxp and dtox all given and toxe != toxp + dtox; dtox ignored.
Direct Newton iteration for .op point succeeded.

tpdr=6.39766e-010 FROM 5.7e-009 TO 6.33977e-009
tpdf=5.53388e-010 FROM 3e-010 TO 8.53388e-010


Date: Tue Apr 12 14:51:25 2022
Total elapsed time: 0.073 seconds.

tnom = 27
temp = 27
method = modified trap
totiter = 3062
traniter = 3050
tranpoints = 1378
accept = 1251
rejected = 127
matrix size = 22
fillins = 0
solver = Normal
Matrix Compiler1: 2.20 KB object code size  0.7/0.3/[0.2]
Matrix Compiler2: 2.38 KB object code size  0.3/0.4/[0.2]

