Circuit: *** SPICE deck for cell Gate7S1_sim{sch} from library SCL

Vg: both pins shorted together -- ignoring.
Warning: toxe, toxp and dtox all given and toxe != toxp + dtox; dtox ignored.
Direct Newton iteration for .op point succeeded.

tpdr=9.16084e-010 FROM 5.7e-009 TO 6.61608e-009
tpdf=3.78129e-009 FROM 3e-010 TO 4.08129e-009


Date: Tue Apr 12 14:53:02 2022
Total elapsed time: 0.187 seconds.

tnom = 27
temp = 27
method = modified trap
totiter = 2867
traniter = 2844
tranpoints = 1283
accept = 1202
rejected = 81
matrix size = 73
fillins = 0
solver = Normal
Matrix Compiler1: 9.11 KB object code size  2.9/1.2/[0.7]
Matrix Compiler2: 9.16 KB object code size  1.1/1.3/[0.9]

