Circuit: *** SPICE deck for cell Gate1S2_sim{sch} from library SCL

Vg: both pins shorted together -- ignoring.
Warning: toxe, toxp and dtox all given and toxe != toxp + dtox; dtox ignored.
Direct Newton iteration for .op point succeeded.

tpdr=3.84347e-010 FROM 5.7e-009 TO 6.08435e-009
tpdf=3.70449e-010 FROM 3e-010 TO 6.70449e-010


Date: Tue Apr 12 14:52:15 2022
Total elapsed time: 0.094 seconds.

tnom = 27
temp = 27
method = modified trap
totiter = 3267
traniter = 3255
tranpoints = 1402
accept = 1267
rejected = 135
matrix size = 22
fillins = 0
solver = Normal
Matrix Compiler1: 2.20 KB object code size  0.8/0.3/[0.2]
Matrix Compiler2: 2.38 KB object code size  0.3/0.4/[0.3]

