Circuit: *** SPICE deck for cell Gate6S1_sim{sch} from library SCL

Vg: both pins shorted together -- ignoring.
Warning: toxe, toxp and dtox all given and toxe != toxp + dtox; dtox ignored.
Direct Newton iteration for .op point succeeded.

tpdr=1.0331e-009 FROM 5.25e-009 TO 6.2831e-009
tpdf=7.53556e-010 FROM 1.5e-010 TO 9.03556e-010


Date: Tue Apr 12 01:45:46 2022
Total elapsed time: 0.266 seconds.

tnom = 27
temp = 27
method = modified trap
totiter = 3885
traniter = 3867
tranpoints = 1473
accept = 1336
rejected = 137
matrix size = 71
fillins = 0
solver = Normal
Matrix Compiler1: 8.81 KB object code size  3.1/1.3/[0.7]
Matrix Compiler2: 8.96 KB object code size  1.1/1.5/[1.0]

