Circuit: *** SPICE deck for cell Gate2S2_sim{sch} from library SCL

Vg: both pins shorted together -- ignoring.
Warning: toxe, toxp and dtox all given and toxe != toxp + dtox; dtox ignored.
Direct Newton iteration for .op point succeeded.

tpdr=4.11104e-010 FROM 5.25e-009 TO 5.6611e-009
tpdf=3.43013e-010 FROM 1.5e-010 TO 4.93013e-010


Date: Tue Apr 12 21:55:18 2022
Total elapsed time: 0.280 seconds.

tnom = 27
temp = 27
method = modified trap
totiter = 3565
traniter = 3553
tranpoints = 1504
accept = 1348
rejected = 156
matrix size = 44
fillins = 0
solver = Normal
Matrix Compiler1: 4.74 KB object code size  1.6/0.7/[0.3]
Matrix Compiler2: 5.12 KB object code size  0.6/0.7/[0.5]

