Circuit: *** SPICE deck for cell Gate5S2_sim{sch} from library SCL

Vg: both pins shorted together -- ignoring.
Warning: toxe, toxp and dtox all given and toxe != toxp + dtox; dtox ignored.
Direct Newton iteration for .op point succeeded.

tpdr=1.0153e-009 FROM 5.25e-009 TO 6.2653e-009
tpdf=1.95617e-009 FROM 1.5e-010 TO 2.10617e-009


Date: Tue Apr 12 22:02:32 2022
Total elapsed time: 0.193 seconds.

tnom = 27
temp = 27
method = modified trap
totiter = 3753
traniter = 3729
tranpoints = 1571
accept = 1402
rejected = 169
matrix size = 55
fillins = 0
solver = Normal
Matrix Compiler1: 5.88 KB object code size  2.0/0.8/[0.5]
Matrix Compiler2: 6.41 KB object code size  0.7/0.9/[0.6]

