Circuit: *** SPICE deck for cell Gate3S1_sim{sch} from library SCL

Vg: both pins shorted together -- ignoring.
Warning: toxe, toxp and dtox all given and toxe != toxp + dtox; dtox ignored.
Direct Newton iteration for .op point succeeded.

tpdr=1.12796e-009 FROM 5.25e-009 TO 6.37796e-009
tpdf=2.40269e-009 FROM 1.5e-010 TO 2.55269e-009


Date: Tue Apr 12 01:45:14 2022
Total elapsed time: 0.171 seconds.

tnom = 27
temp = 27
method = modified trap
totiter = 3292
traniter = 3276
tranpoints = 1431
accept = 1318
rejected = 113
matrix size = 44
fillins = 0
solver = Normal
Matrix Compiler1: 4.63 KB object code size  1.3/0.6/[0.3]
Matrix Compiler2: 5.03 KB object code size  0.6/0.7/[0.5]

