Circuit: *** SPICE deck for cell Gate4S1_sim{sch} from library SCL

Vg: both pins shorted together -- ignoring.
Warning: toxe, toxp and dtox all given and toxe != toxp + dtox; dtox ignored.
Direct Newton iteration for .op point succeeded.

tpdr=1.01785e-009 FROM 5.25e-009 TO 6.26785e-009
tpdf=1.26728e-009 FROM 1.5e-010 TO 1.41728e-009


Date: Tue Apr 12 01:45:31 2022
Total elapsed time: 0.141 seconds.

tnom = 27
temp = 27
method = modified trap
totiter = 3274
traniter = 3262
tranpoints = 1385
accept = 1272
rejected = 113
matrix size = 55
fillins = 0
solver = Normal
Matrix Compiler1: 6.24 KB object code size  1.9/0.8/[0.5]
Matrix Compiler2: 6.52 KB object code size  0.7/0.9/[0.5]

