Circuit: *** SPICE deck for cell Gate7S2_sim{sch} from library SCL

Vg: both pins shorted together -- ignoring.
Warning: toxe, toxp and dtox all given and toxe != toxp + dtox; dtox ignored.
Direct Newton iteration for .op point succeeded.

tpdr=7.81492e-010 FROM 5.25e-009 TO 6.03149e-009
tpdf=3.60534e-009 FROM 1.5e-010 TO 3.75534e-009


Date: Tue Apr 12 01:46:12 2022
Total elapsed time: 0.218 seconds.

tnom = 27
temp = 27
method = modified trap
totiter = 3274
traniter = 3252
tranpoints = 1425
accept = 1315
rejected = 110
matrix size = 73
fillins = 0
solver = Normal
Matrix Compiler1: 9.11 KB object code size  3.2/3.0/[0.7]
Matrix Compiler2: 9.16 KB object code size  1.2/1.5/[0.9]

