Circuit: *** SPICE deck for cell Gate4S1_sim{sch} from library SCL

Vg: both pins shorted together -- ignoring.
Limiting rise time of source vw to 5e-010
Limiting fall time of source vw to 5e-010
Warning: toxe, toxp and dtox all given and toxe != toxp + dtox; dtox ignored.
Direct Newton iteration for .op point succeeded.

tpdr=1.52678e-009 FROM 5.85e-009 TO 7.37678e-009
tpdf=1.54265e-009 FROM 3.5e-010 TO 1.89265e-009


Date: Tue Apr 12 02:24:03 2022
Total elapsed time: 0.334 seconds.

tnom = 27
temp = 27
method = modified trap
totiter = 2950
traniter = 2938
tranpoints = 1263
accept = 1182
rejected = 81
matrix size = 55
fillins = 0
solver = Normal
Matrix Compiler1: 6.24 KB object code size  2.3/1.3/[0.5]
Matrix Compiler2: off  [1.2]/1.4/1.4

