Circuit: *** SPICE deck for cell Gate3S1_sim{sch} from library SCL

Vg: both pins shorted together -- ignoring.
Limiting rise time of source vx to 5e-010
Limiting fall time of source vx to 5e-010
Warning: toxe, toxp and dtox all given and toxe != toxp + dtox; dtox ignored.
Direct Newton iteration for .op point succeeded.

tpdr=1.53188e-009 FROM 5.85e-009 TO 7.38188e-009
tpdf=2.75799e-009 FROM 3.5e-010 TO 3.10799e-009


Date: Tue Apr 12 02:23:32 2022
Total elapsed time: 0.209 seconds.

tnom = 27
temp = 27
method = modified trap
totiter = 2904
traniter = 2888
tranpoints = 1277
accept = 1193
rejected = 84
matrix size = 44
fillins = 0
solver = Normal
Matrix Compiler1: 4.63 KB object code size  1.6/0.9/[0.5]
Matrix Compiler2: 5.03 KB object code size  0.8/1.1/[0.7]

