Circuit: *** SPICE deck for cell Gate5S2_sim{sch} from library SCL

Vg: both pins shorted together -- ignoring.
Limiting rise time of source vz to 5e-010
Limiting fall time of source vz to 5e-010
Warning: toxe, toxp and dtox all given and toxe != toxp + dtox; dtox ignored.
Direct Newton iteration for .op point succeeded.

tpdr=1.30935e-009 FROM 5.85e-009 TO 7.15935e-009
tpdf=2.0859e-009 FROM 3.5e-010 TO 2.4359e-009


Date: Tue Apr 12 22:15:29 2022
Total elapsed time: 0.192 seconds.

tnom = 27
temp = 27
method = modified trap
totiter = 3360
traniter = 3336
tranpoints = 1417
accept = 1282
rejected = 135
matrix size = 55
fillins = 0
solver = Normal
Matrix Compiler1: 5.88 KB object code size  1.9/0.8/[0.5]
Matrix Compiler2: 6.41 KB object code size  0.7/0.9/[0.6]

