Circuit: *** SPICE deck for cell Gate1S4_sim{sch} from library SCL

Vg: both pins shorted together -- ignoring.
Limiting rise time of source vx to 5e-010
Limiting fall time of source vx to 5e-010
Warning: toxe, toxp and dtox all given and toxe != toxp + dtox; dtox ignored.
Direct Newton iteration for .op point succeeded.

tpdr=4.01086e-010 FROM 5.85e-009 TO 6.25109e-009
tpdf=3.82114e-010 FROM 3.5e-010 TO 7.32114e-010


Date: Tue Apr 12 02:23:02 2022
Total elapsed time: 0.179 seconds.

tnom = 27
temp = 27
method = modified trap
totiter = 3193
traniter = 3181
tranpoints = 1443
accept = 1292
rejected = 151
matrix size = 22
fillins = 0
solver = Normal
Matrix Compiler1: 2.20 KB object code size  0.7/0.4/[0.2]
Matrix Compiler2: 2.38 KB object code size  0.4/0.5/[0.3]

