Circuit: *** SPICE deck for cell Gate2S2_sim{sch} from library SCL

Vg: both pins shorted together -- ignoring.
Limiting rise time of source vx to 5e-010
Limiting fall time of source vx to 5e-010
Warning: toxe, toxp and dtox all given and toxe != toxp + dtox; dtox ignored.
Direct Newton iteration for .op point succeeded.

tpdr=7.34139e-010 FROM 5.85e-009 TO 6.58414e-009
tpdf=5.15036e-010 FROM 3.5e-010 TO 8.65036e-010


Date: Tue Apr 12 22:15:19 2022
Total elapsed time: 0.143 seconds.

tnom = 27
temp = 27
method = modified trap
totiter = 3146
traniter = 3134
tranpoints = 1358
accept = 1239
rejected = 119
matrix size = 44
fillins = 0
solver = Normal
Matrix Compiler1: 4.74 KB object code size  1.6/0.7/[0.4]
Matrix Compiler2: 5.12 KB object code size  0.7/0.8/[0.4]

