Circuit: *** SPICE deck for cell Gate2S1_sim{sch} from library SCL

Vg: both pins shorted together -- ignoring.
Limiting rise time of source vx to 5e-010
Limiting fall time of source vx to 5e-010
Warning: toxe, toxp and dtox all given and toxe != toxp + dtox; dtox ignored.
Direct Newton iteration for .op point succeeded.

tpdr=1.24138e-009 FROM 5.85e-009 TO 7.09138e-009
tpdf=8.06988e-010 FROM 3.5e-010 TO 1.15699e-009


Date: Tue Apr 12 02:23:16 2022
Total elapsed time: 0.203 seconds.

tnom = 27
temp = 27
method = modified trap
totiter = 2962
traniter = 2950
tranpoints = 1294
accept = 1188
rejected = 106
matrix size = 44
fillins = 0
solver = Normal
Matrix Compiler1: 4.74 KB object code size  1.9/1.0/[0.4]
Matrix Compiler2: 5.12 KB object code size  1.0/1.0/[0.6]

