Circuit: *** SPICE deck for cell Gate7S2_sim{sch} from library SCL

Vg: both pins shorted together -- ignoring.
Warning: toxe, toxp and dtox all given and toxe != toxp + dtox; dtox ignored.
Direct Newton iteration for .op point succeeded.

tpdr=7.66558e-010 FROM 5.25e-009 TO 6.01656e-009
tpdf=3.76335e-009 FROM 1.5e-010 TO 3.91335e-009


Date: Tue Apr 12 02:17:40 2022
Total elapsed time: 0.385 seconds.

tnom = 27
temp = 27
method = modified trap
totiter = 3315
traniter = 3293
tranpoints = 1466
accept = 1342
rejected = 124
matrix size = 73
fillins = 0
solver = Normal
Matrix Compiler1: 9.11 KB object code size  3.7/2.4/[0.7]
Matrix Compiler2: 9.16 KB object code size  1.6/2.1/[1.6]

