Circuit: *** SPICE deck for cell Gate2S1_sim{sch} from library SCL

Vg: both pins shorted together -- ignoring.
Warning: toxe, toxp and dtox all given and toxe != toxp + dtox; dtox ignored.
Direct Newton iteration for .op point succeeded.

tpdr=1.1762e-009 FROM 5.25e-009 TO 6.4262e-009
tpdf=7.77203e-010 FROM 1.5e-010 TO 9.27203e-010


Date: Tue Apr 12 02:11:19 2022
Total elapsed time: 0.198 seconds.

tnom = 27
temp = 27
method = modified trap
totiter = 3261
traniter = 3249
tranpoints = 1433
accept = 1305
rejected = 128
matrix size = 44
fillins = 0
solver = Normal
Matrix Compiler1: 4.74 KB object code size  1.5/0.9/[0.4]
Matrix Compiler2: 5.12 KB object code size  0.8/1.1/[0.5]

