Circuit: *** SPICE deck for cell Gate6S2_sim{sch} from library SCL

Vg: both pins shorted together -- ignoring.
Warning: toxe, toxp and dtox all given and toxe != toxp + dtox; dtox ignored.
Direct Newton iteration for .op point succeeded.

tpdr=1.03375e-009 FROM 5.25e-009 TO 6.28375e-009
tpdf=7.58882e-010 FROM 1.5e-010 TO 9.08882e-010


Date: Tue Apr 12 02:16:45 2022
Total elapsed time: 0.356 seconds.

tnom = 27
temp = 27
method = modified trap
totiter = 3954
traniter = 3934
tranpoints = 1498
accept = 1350
rejected = 148
matrix size = 71
fillins = 0
solver = Normal
Matrix Compiler1: 8.81 KB object code size  2.7/1.6/[0.7]
Matrix Compiler2: 8.96 KB object code size  1.3/1.8/[1.3]

