Circuit: *** SPICE deck for cell Gate4S1_sim{sch} from library SCL

Vg: both pins shorted together -- ignoring.
Warning: toxe, toxp and dtox all given and toxe != toxp + dtox; dtox ignored.
Direct Newton iteration for .op point succeeded.

tpdr=1.4475e-009 FROM 5.25e-009 TO 6.6975e-009
tpdf=1.57381e-009 FROM 1.5e-010 TO 1.72381e-009


Date: Tue Apr 12 02:14:09 2022
Total elapsed time: 0.232 seconds.

tnom = 27
temp = 27
method = modified trap
totiter = 3240
traniter = 3228
tranpoints = 1369
accept = 1270
rejected = 99
matrix size = 55
fillins = 0
solver = Normal
Matrix Compiler1: 6.24 KB object code size  2.9/1.6/[0.5]
Matrix Compiler2: 6.52 KB object code size  1.5/1.6/[1.0]

