Circuit: *** SPICE deck for cell Gate5S2_sim{sch} from library SCL

Vg: both pins shorted together -- ignoring.
Warning: toxe, toxp and dtox all given and toxe != toxp + dtox; dtox ignored.
Direct Newton iteration for .op point succeeded.

tpdr=1.2256e-009 FROM 5.25e-009 TO 6.4756e-009
tpdf=2.13853e-009 FROM 1.5e-010 TO 2.28853e-009


Date: Tue Apr 12 22:14:18 2022
Total elapsed time: 0.209 seconds.

tnom = 27
temp = 27
method = modified trap
totiter = 3711
traniter = 3687
tranpoints = 1549
accept = 1384
rejected = 165
matrix size = 55
fillins = 0
solver = Normal
Matrix Compiler1: 5.88 KB object code size  1.9/0.8/[0.5]
Matrix Compiler2: 6.41 KB object code size  0.7/0.9/[0.6]

