Circuit: *** SPICE deck for cell Gate7S1_sim{sch} from library SCL

Vg: both pins shorted together -- ignoring.
Limiting rise time of source vw to 5e-010
Limiting fall time of source vw to 5e-010
Warning: toxe, toxp and dtox all given and toxe != toxp + dtox; dtox ignored.
Direct Newton iteration for .op point succeeded.

tpdr=9.65178e-010 FROM 5.85e-009 TO 6.81518e-009
tpdf=3.78203e-009 FROM 3.5e-010 TO 4.13203e-009


Date: Tue Apr 12 14:47:09 2022
Total elapsed time: 0.204 seconds.

tnom = 27
temp = 27
method = modified trap
totiter = 2841
traniter = 2818
tranpoints = 1280
accept = 1202
rejected = 78
matrix size = 73
fillins = 0
solver = Normal
Matrix Compiler1: 9.11 KB object code size  2.9/1.4/[0.7]
Matrix Compiler2: 9.16 KB object code size  1.2/1.5/[0.9]

