Circuit: *** SPICE deck for cell Gate4S2_sim{sch} from library SCL

Vg: both pins shorted together -- ignoring.
Limiting rise time of source vw to 5e-010
Limiting fall time of source vw to 5e-010
Warning: toxe, toxp and dtox all given and toxe != toxp + dtox; dtox ignored.
Direct Newton iteration for .op point succeeded.

tpdr=8.56261e-010 FROM 5.85e-009 TO 6.70626e-009
tpdf=1.07015e-009 FROM 3.5e-010 TO 1.42015e-009


Date: Tue Apr 12 14:46:49 2022
Total elapsed time: 0.156 seconds.

tnom = 27
temp = 27
method = modified trap
totiter = 3235
traniter = 3223
tranpoints = 1376
accept = 1245
rejected = 131
matrix size = 55
fillins = 0
solver = Normal
Matrix Compiler1: 6.24 KB object code size  2.0/0.8/[0.5]
Matrix Compiler2: 6.52 KB object code size  0.7/0.9/[0.5]

