Circuit: *** SPICE deck for cell Gate5S2_sim{sch} from library SCL

Vg: both pins shorted together -- ignoring.
Limiting rise time of source vz to 5e-010
Limiting fall time of source vz to 5e-010
Warning: toxe, toxp and dtox all given and toxe != toxp + dtox; dtox ignored.
Direct Newton iteration for .op point succeeded.

tpdr=1.08967e-009 FROM 5.85e-009 TO 6.93967e-009
tpdf=1.9033e-009 FROM 3.5e-010 TO 2.2533e-009


Date: Tue Apr 12 22:01:48 2022
Total elapsed time: 0.183 seconds.

tnom = 27
temp = 27
method = modified trap
totiter = 3312
traniter = 3288
tranpoints = 1380
accept = 1256
rejected = 124
matrix size = 55
fillins = 0
solver = Normal
Matrix Compiler1: 5.88 KB object code size  2.0/0.7/[0.5]
Matrix Compiler2: 6.41 KB object code size  0.7/1.0/[0.6]

