Circuit: *** SPICE deck for cell Gate6S1_sim{sch} from library SCL

Vg: both pins shorted together -- ignoring.
Limiting rise time of source vx to 5e-010
Limiting fall time of source vx to 5e-010
Warning: toxe, toxp and dtox all given and toxe != toxp + dtox; dtox ignored.
Direct Newton iteration for .op point succeeded.

tpdr=1.05946e-009 FROM 5.85e-009 TO 6.90946e-009
tpdf=8.73588e-010 FROM 3.5e-010 TO 1.22359e-009


Date: Tue Apr 12 14:46:55 2022
Total elapsed time: 0.219 seconds.

tnom = 27
temp = 27
method = modified trap
totiter = 3462
traniter = 3444
tranpoints = 1324
accept = 1217
rejected = 107
matrix size = 71
fillins = 0
solver = Normal
Matrix Compiler1: 8.81 KB object code size  2.8/1.2/[0.7]
Matrix Compiler2: 8.96 KB object code size  1.1/1.4/[0.8]

