Circuit: *** SPICE deck for cell Gate1S2_sim{sch} from library SCL

Vg: both pins shorted together -- ignoring.
Warning: toxe, toxp and dtox all given and toxe != toxp + dtox; dtox ignored.
Direct Newton iteration for .op point succeeded.

tpdr=6.39318e-010 FROM 5.7e-009 TO 6.33932e-009
tpdf=5.50495e-010 FROM 3e-010 TO 8.50495e-010


Date: Tue Apr 12 02:28:46 2022
Total elapsed time: 0.138 seconds.

tnom = 27
temp = 27
method = modified trap
totiter = 3149
traniter = 3137
tranpoints = 1428
accept = 1283
rejected = 145
matrix size = 22
fillins = 0
solver = Normal
Matrix Compiler1: 2.20 KB object code size  0.7/0.4/[0.2]
Matrix Compiler2: 2.38 KB object code size  0.4/0.5/[0.3]

