Circuit: *** SPICE deck for cell Gate4S1_sim{sch} from library SCL

Vg: both pins shorted together -- ignoring.
Warning: toxe, toxp and dtox all given and toxe != toxp + dtox; dtox ignored.
Direct Newton iteration for .op point succeeded.

tpdr=1.50929e-009 FROM 5.7e-009 TO 7.20929e-009
tpdf=1.5469e-009 FROM 3e-010 TO 1.8469e-009


Date: Tue Apr 12 02:29:55 2022
Total elapsed time: 0.275 seconds.

tnom = 27
temp = 27
method = modified trap
totiter = 3043
traniter = 3031
tranpoints = 1317
accept = 1205
rejected = 112
matrix size = 55
fillins = 0
solver = Normal
Matrix Compiler1: 6.24 KB object code size  2.7/1.4/[0.5]
Matrix Compiler2: 6.52 KB object code size  1.5/1.4/[1.1]

