Circuit: *** SPICE deck for cell Gate7S2_sim{sch} from library SCL

Vg: both pins shorted together -- ignoring.
Warning: toxe, toxp and dtox all given and toxe != toxp + dtox; dtox ignored.
Direct Newton iteration for .op point succeeded.

tpdr=9.20048e-010 FROM 5.7e-009 TO 6.62005e-009
tpdf=3.76879e-009 FROM 3e-010 TO 4.06879e-009


Date: Tue Apr 12 02:31:17 2022
Total elapsed time: 0.331 seconds.

tnom = 27
temp = 27
method = modified trap
totiter = 2958
traniter = 2936
tranpoints = 1319
accept = 1223
rejected = 96
matrix size = 73
fillins = 0
solver = Normal
Matrix Compiler1: 9.11 KB object code size  3.0/1.8/[0.7]
Matrix Compiler2: off  [1.3]/1.8/1.4

