Circuit: *** SPICE deck for cell Gate6S2_sim{sch} from library SCL

Vg: both pins shorted together -- ignoring.
Warning: toxe, toxp and dtox all given and toxe != toxp + dtox; dtox ignored.
Direct Newton iteration for .op point succeeded.

tpdr=1.05135e-009 FROM 5.7e-009 TO 6.75135e-009
tpdf=8.54802e-010 FROM 3e-010 TO 1.1548e-009


Date: Tue Apr 12 02:30:52 2022
Total elapsed time: 0.284 seconds.

tnom = 27
temp = 27
method = modified trap
totiter = 3740
traniter = 3720
tranpoints = 1420
accept = 1281
rejected = 139
matrix size = 71
fillins = 0
solver = Normal
Matrix Compiler1: 8.81 KB object code size  3.1/1.8/[0.7]
Matrix Compiler2: 8.96 KB object code size  1.5/2.1/[1.4]

