Circuit: *** SPICE deck for cell Gate1S4_sim{sch} from library SCL

Vg: both pins shorted together -- ignoring.
Warning: toxe, toxp and dtox all given and toxe != toxp + dtox; dtox ignored.
Direct Newton iteration for .op point succeeded.

tpdr=3.84398e-010 FROM 5.7e-009 TO 6.0844e-009
tpdf=3.69381e-010 FROM 3e-010 TO 6.69381e-010


Date: Tue Apr 12 02:29:00 2022
Total elapsed time: 0.245 seconds.

tnom = 27
temp = 27
method = modified trap
totiter = 3329
traniter = 3317
tranpoints = 1455
accept = 1315
rejected = 140
matrix size = 22
fillins = 0
solver = Normal
Matrix Compiler1: 2.20 KB object code size  0.7/0.4/[0.2]
Matrix Compiler2: 2.38 KB object code size  0.4/0.6/[0.3]

